----------------------------------------------------------------------------------------------------------------------------------------------------------------------------------
      name:  <unnamed>
       log:  C:\Users\m.callaghan\Documents\GitHub\panel_econ\exam2\stata\exam_2_summary.log
  log type:  text
 opened on:  17 Nov 2015, 18:37:37

. *@*lstart
. esttab ols fe re pcse_FE pcse_RE pcse_FE_inter pcse_RE_inter, drop(_*) mtitle 

----------------------------------------------------------------------------------------------------------------------------
                      (1)             (2)             (3)             (4)             (5)             (6)             (7)   
                      ols              fe              re         pcse_FE         pcse_RE    pcse_FE_in~r    pcse_RE_in~r   
----------------------------------------------------------------------------------------------------------------------------
regime              1.199***        0.719***        0.837***        0.322           0.464*          0.462           0.705** 
                   (6.88)          (3.41)          (4.17)          (1.63)          (2.53)          (1.81)          (2.97)   

trade_open~s       0.0392***       0.0293***       0.0355***       0.0474***       0.0521***       0.0476***       0.0495***
                  (10.60)          (3.87)          (5.63)          (3.81)          (6.84)          (3.85)          (6.35)   

gdpgrowth          0.0589          0.0619*         0.0611*         0.0763***       0.0765***       0.0765***       0.0750***
                   (1.81)          (2.14)          (2.13)          (3.42)          (3.62)          (3.41)          (3.53)   

finance            -0.290**        0.0811        -0.00796         -0.0296          -0.288         -0.0205         -0.0383   
                  (-3.23)          (0.67)         (-0.07)         (-0.18)         (-1.88)         (-0.13)         (-0.24)   

ind                                                                                                 4.770*         -1.558** 
                                                                                                   (2.08)         (-2.66)   

reg_x_ind                                                                                          -0.482          -1.163***
                                                                                                  (-1.54)         (-3.89)   
----------------------------------------------------------------------------------------------------------------------------
N                    1855            1855            1855            1855            1855            1855            1855   
----------------------------------------------------------------------------------------------------------------------------
t statistics in parentheses
* p<0.05, ** p<0.01, *** p<0.001

. *@*lend
. cap log close
