----------------------------------------------------------------------------------------------------------------------------------------------------------------------------------
      name:  <unnamed>
       log:  C:\Users\m.callaghan\Documents\GitHub\panel_econ\exam2\stata\exam_2_q3_1_a_3.log
  log type:  text
 opened on:  17 Nov 2015, 17:49:54

. *@*lstart
. quietly xtreg abs_cagdp `x', re

. est store re

. hausman fe re

                 ---- Coefficients ----
             |      (b)          (B)            (b-B)     sqrt(diag(V_b-V_B))
             |       fe           re         Difference          S.E.
-------------+----------------------------------------------------------------
      regime |    .7194034     .8366188       -.1172153        .0664919
trade_open~s |    .0292849     .0354598       -.0061748        .0041944
   gdpgrowth |    .0618739     .0611339        .0007399        .0024548
     finance |    .0810876    -.0079567        .0890443        .0409043
------------------------------------------------------------------------------
                           b = consistent under Ho and Ha; obtained from xtreg
            B = inconsistent under Ha, efficient under Ho; obtained from xtreg

    Test:  Ho:  difference in coefficients not systematic

                  chi2(4) = (b-B)'[(V_b-V_B)^(-1)](b-B)
                          =        6.14
                Prob>chi2 =      0.1887

. *@*lend
. cap log close
