--------------------------------------------------------------------------------
      name:  <unnamed>
       log:  C:\Users\m.callaghan\Documents\GitHub\panel_econ\exam2\stata\exam_2
> _q3_1_d.log
  log type:  text
 opened on:  17 Nov 2015, 16:24:46

. *@*lstart
. xi: quietly xtpcse abs_cagdp `x' i.country2, corr(ar1)
i.country2        _Icountry2_1-59     (naturally coded; _Icountry2_1 omitted)

. est store pcse

. esttab fe re pcse, drop(_*) mtitle

------------------------------------------------------------
                      (1)             (2)             (3)   
                       fe              re            pcse   
------------------------------------------------------------
regime              0.719***        0.837***        0.322   
                   (3.41)          (4.17)          (1.63)   

trade_open~s       0.0293***       0.0355***       0.0474***
                   (3.87)          (5.63)          (3.81)   

gdpgrowth          0.0619*         0.0611*         0.0763***
                   (2.14)          (2.13)          (3.42)   

finance            0.0811        -0.00796         -0.0296   
                   (0.67)         (-0.07)         (-0.18)   
------------------------------------------------------------
N                    1855            1855            1855   
------------------------------------------------------------
t statistics in parentheses
* p<0.05, ** p<0.01, *** p<0.001

. *@*lend
. cap log close
