----------------------------------------------------------------------------------------------------------------------------------------------------------------------------------
      name:  <unnamed>
       log:  C:\Users\m.callaghan\Documents\GitHub\panel_econ\exam2\stata\exam_2_q3_1_a_1.log
  log type:  text
 opened on:  17 Nov 2015, 17:49:54

. *@*lstart
. local x regime trade_openness gdpgrowth finance

. reg abs_cagdp `x'

      Source |       SS           df       MS      Number of obs   =     1,855
-------------+----------------------------------   F(4, 1850)      =     73.03
       Model |  9397.16018         4  2349.29004   Prob > F        =    0.0000
    Residual |  59512.4541     1,850  32.1688941   R-squared       =    0.1364
-------------+----------------------------------   Adj R-squared   =    0.1345
       Total |  68909.6142     1,854  37.1680767   Root MSE        =    5.6718

--------------------------------------------------------------------------------
     abs_cagdp |      Coef.   Std. Err.      t    P>|t|     [95% Conf. Interval]
---------------+----------------------------------------------------------------
        regime |   1.199144   .1743265     6.88   0.000     .8572467    1.541041
trade_openness |   .0391744    .003697    10.60   0.000     .0319237    .0464251
     gdpgrowth |   .0589071   .0325478     1.81   0.070    -.0049273    .1227415
       finance |  -.2897215   .0897705    -3.23   0.001    -.4657837   -.1136593
         _cons |   1.192841   .3255092     3.66   0.000     .5544373    1.831245
--------------------------------------------------------------------------------

. estat hettest

Breusch-Pagan / Cook-Weisberg test for heteroskedasticity 
         Ho: Constant variance
         Variables: fitted values of abs_cagdp

         chi2(1)      =   438.51
         Prob > chi2  =   0.0000

. est store ols

. *@*lend
. cap log close
