----------------------------------------------------------------------------------------------------------------------------------------------------------------------------------
      name:  <unnamed>
       log:  C:\Users\m.callaghan\Documents\GitHub\panel_econ\exam2\stata\exam_2_q3_1_d_2.log
  log type:  text
 opened on:  17 Nov 2015, 18:37:34

. *@*lstart
. quietly xtpcse abs_cagdp `x', corr(ar1)

. est store pcse_RE

. esttab fe re pcse_FE pcse_RE, drop(_*) mtitle

----------------------------------------------------------------------------
                      (1)             (2)             (3)             (4)   
                       fe              re         pcse_FE         pcse_RE   
----------------------------------------------------------------------------
regime              0.719***        0.837***        0.322           0.464*  
                   (3.41)          (4.17)          (1.63)          (2.53)   

trade_open~s       0.0293***       0.0355***       0.0474***       0.0521***
                   (3.87)          (5.63)          (3.81)          (6.84)   

gdpgrowth          0.0619*         0.0611*         0.0763***       0.0765***
                   (2.14)          (2.13)          (3.42)          (3.62)   

finance            0.0811        -0.00796         -0.0296          -0.288   
                   (0.67)         (-0.07)         (-0.18)         (-1.88)   
----------------------------------------------------------------------------
N                    1855            1855            1855            1855   
----------------------------------------------------------------------------
t statistics in parentheses
* p<0.05, ** p<0.01, *** p<0.001

. *@*lend
. cap log close
